<?xml version="1.0" encoding="UTF-8"?>
<!-- Generated by org.testng.reporters.JUnitReportReporter -->
<testsuite hostname="LAPTOP-9N7OQFOP" failures="0" tests="2" name="Parameter.ParameterizationWithDataProvider" time="79.960" errors="0" timestamp="2023-09-29T18:14:10 IST" skipped="0">
  <testcase classname="Parameter.ParameterizationWithDataProvider" name="verifyGoogle" time="30.325"/>
  <testcase classname="Parameter.ParameterizationWithDataProvider" name="verifyGoogle" time="49.635"/>
</testsuite> <!-- Parameter.ParameterizationWithDataProvider -->
